\BOOKMARK [1][-]{section*.1}{}{}% 1
\BOOKMARK [1][-]{section*.2}{\376\377\000\334\000b\000e\000r\000\040\000b\000i\000b\000n\000o\000w}{}% 2
\BOOKMARK [1][-]{section*.3}{\376\377\000K\000o\000n\000z\000e\000p\000t\000e}{}% 3
\BOOKMARK [2][-]{section*.4}{\376\377\000A\000u\000f\000g\000a\000b\000e\000n\000s\000t\000e\000l\000l\000u\000n\000g}{section*.3}% 4
\BOOKMARK [2][-]{section*.5}{\376\377\000Q\000u\000a\000l\000i\000t\000\344\000t\000s\000z\000i\000e\000l\000e}{section*.3}% 5
\BOOKMARK [2][-]{section*.6}{\376\377\000S\000t\000a\000k\000e\000h\000o\000l\000d\000e\000r}{section*.3}% 6
\BOOKMARK [1][-]{section*.7}{\376\377\000R\000a\000n\000d\000b\000e\000d\000i\000n\000g\000u\000n\000g\000e\000n}{}% 7
\BOOKMARK [1][-]{section*.8}{\376\377\000K\000o\000n\000t\000e\000x\000t\000a\000b\000g\000r\000e\000n\000z\000u\000n\000g}{}% 8
\BOOKMARK [2][-]{section*.9}{\376\377\000F\000a\000c\000h\000l\000i\000c\000h\000e\000r\000\040\000K\000o\000n\000t\000e\000x\000t}{section*.8}% 9
\BOOKMARK [2][-]{section*.10}{\376\377\000T\000e\000c\000h\000n\000i\000s\000c\000h\000e\000r\000\040\000K\000o\000n\000t\000e\000x\000t}{section*.8}% 10
\BOOKMARK [1][-]{section*.11}{\376\377\000L\000\366\000s\000u\000n\000g\000s\000s\000t\000r\000a\000t\000e\000g\000i\000e}{}% 11
\BOOKMARK [1][-]{section*.12}{\376\377\000B\000a\000u\000s\000t\000e\000i\000n\000s\000i\000c\000h\000t}{}% 12
\BOOKMARK [2][-]{section*.13}{\376\377\000W\000h\000i\000t\000e\000b\000o\000x\000\040\000G\000e\000s\000a\000m\000t\000s\000y\000s\000t\000e\000m}{section*.12}% 13
\BOOKMARK [3][-]{section*.14}{\376\377\000<\000N\000a\000m\000e\000\040\000B\000l\000a\000c\000k\000b\000o\000x\000\040\0001\000>}{section*.13}% 14
\BOOKMARK [3][-]{section*.15}{\376\377\000<\000N\000a\000m\000e\000\040\000B\000l\000a\000c\000k\000b\000o\000x\000\040\0002\000>}{section*.13}% 15
\BOOKMARK [3][-]{section*.16}{\376\377\000<\000N\000a\000m\000e\000\040\000B\000l\000a\000c\000k\000b\000o\000x\000\040\000n\000>}{section*.13}% 16
\BOOKMARK [3][-]{section*.17}{\376\377\000<\000N\000a\000m\000e\000\040\000S\000c\000h\000n\000i\000t\000t\000s\000t\000e\000l\000l\000e\000\040\0001\000>}{section*.13}% 17
\BOOKMARK [3][-]{section*.18}{\376\377\000<\000N\000a\000m\000e\000\040\000S\000c\000h\000n\000i\000t\000t\000s\000t\000e\000l\000l\000e\000\040\000m\000>}{section*.13}% 18
\BOOKMARK [2][-]{section*.19}{\376\377\000E\000b\000e\000n\000e\000\040\0002}{section*.12}% 19
\BOOKMARK [3][-]{section*.20}{\376\377\000W\000h\000i\000t\000e\000b\000o\000x\000\040\000<\000B\000a\000u\000s\000t\000e\000i\000n\000\040\0001\000>}{section*.19}% 20
\BOOKMARK [3][-]{section*.21}{\376\377\000W\000h\000i\000t\000e\000b\000o\000x\000\040\000<\000B\000a\000u\000s\000t\000e\000i\000n\000\040\0002\000>}{section*.19}% 21
\BOOKMARK [3][-]{section*.22}{\376\377\000W\000h\000i\000t\000e\000b\000o\000x\000\040\000<\000B\000a\000u\000s\000t\000e\000i\000n\000\040\000m\000>}{section*.19}% 22
\BOOKMARK [2][-]{section*.23}{\376\377\000E\000b\000e\000n\000e\000\040\0003}{section*.12}% 23
\BOOKMARK [3][-]{section*.24}{\376\377\000W\000h\000i\000t\000e\000b\000o\000x\000\040\000<\000\137\000B\000a\000u\000s\000t\000e\000i\000n\000\040\000x\000.\0001\000\137\000>}{section*.23}% 24
\BOOKMARK [3][-]{section*.25}{\376\377\000W\000h\000i\000t\000e\000b\000o\000x\000\040\000<\000\137\000B\000a\000u\000s\000t\000e\000i\000n\000\040\000x\000.\0002\000\137\000>}{section*.23}% 25
\BOOKMARK [3][-]{section*.26}{\376\377\000W\000h\000i\000t\000e\000b\000o\000x\000\040\000<\000\137\000B\000a\000u\000s\000t\000e\000i\000n\000\040\000y\000.\0001\000\137\000>}{section*.23}% 26
\BOOKMARK [1][-]{section*.27}{\376\377\000L\000a\000u\000f\000z\000e\000i\000t\000s\000i\000c\000h\000t}{}% 27
\BOOKMARK [2][-]{section*.28}{\376\377\000<\000B\000e\000z\000e\000i\000c\000h\000n\000u\000n\000g\000\040\000L\000a\000u\000f\000z\000e\000i\000t\000s\000z\000e\000n\000a\000r\000i\000o\000\040\0001\000>}{section*.27}% 28
\BOOKMARK [2][-]{section*.29}{\376\377\000<\000B\000e\000z\000e\000i\000c\000h\000n\000u\000n\000g\000\040\000L\000a\000u\000f\000z\000e\000i\000t\000s\000z\000e\000n\000a\000r\000i\000o\000\040\0002\000>}{section*.27}% 29
\BOOKMARK [2][-]{section*.30}{\376\377\000<\000B\000e\000z\000e\000i\000c\000h\000n\000u\000n\000g\000\040\000L\000a\000u\000f\000z\000e\000i\000t\000s\000z\000e\000n\000a\000r\000i\000o\000\040\000n\000>}{section*.27}% 30
\BOOKMARK [1][-]{section*.31}{\376\377\000V\000e\000r\000t\000e\000i\000l\000u\000n\000g\000s\000s\000i\000c\000h\000t}{}% 31
\BOOKMARK [2][-]{section*.32}{\376\377\000I\000n\000f\000r\000a\000s\000t\000r\000u\000k\000t\000u\000r\000\040\000E\000b\000e\000n\000e\000\040\0001}{section*.31}% 32
\BOOKMARK [2][-]{section*.33}{\376\377\000I\000n\000f\000r\000a\000s\000t\000r\000u\000k\000t\000u\000r\000\040\000E\000b\000e\000n\000e\000\040\0002}{section*.31}% 33
\BOOKMARK [3][-]{section*.34}{\376\377\000<\000I\000n\000f\000r\000a\000s\000t\000r\000u\000k\000t\000u\000r\000e\000l\000e\000m\000e\000n\000t\000\040\0001\000>}{section*.33}% 34
\BOOKMARK [3][-]{section*.35}{\376\377\000<\000I\000n\000f\000r\000a\000s\000t\000r\000u\000k\000t\000u\000r\000e\000l\000e\000m\000e\000n\000t\000\040\0002\000>}{section*.33}% 35
\BOOKMARK [3][-]{section*.36}{\376\377\000<\000I\000n\000f\000r\000a\000s\000t\000r\000u\000k\000t\000u\000r\000e\000l\000e\000m\000e\000n\000t\000\040\000n\000>}{section*.33}% 36
\BOOKMARK [1][-]{section*.37}{\376\377\000Q\000u\000e\000r\000s\000c\000h\000n\000i\000t\000t\000l\000i\000c\000h\000e\000\040\000K\000o\000n\000z\000e\000p\000t\000e}{}% 37
\BOOKMARK [2][-]{section*.38}{\376\377\000<\000K\000o\000n\000z\000e\000p\000t\000\040\0001\000>}{section*.37}% 38
\BOOKMARK [2][-]{section*.39}{\376\377\000<\000K\000o\000n\000z\000e\000p\000t\000\040\0002\000>}{section*.37}% 39
\BOOKMARK [2][-]{section*.40}{\376\377\000<\000K\000o\000n\000z\000e\000p\000t\000\040\000n\000>}{section*.37}% 40
\BOOKMARK [1][-]{section*.41}{\376\377\000E\000n\000t\000w\000u\000r\000f\000s\000e\000n\000t\000s\000c\000h\000e\000i\000d\000u\000n\000g\000e\000n}{}% 41
\BOOKMARK [1][-]{section*.42}{\376\377\000Q\000u\000a\000l\000i\000t\000\344\000t\000s\000a\000n\000f\000o\000r\000d\000e\000r\000u\000n\000g\000e\000n}{}% 42
\BOOKMARK [2][-]{section*.43}{\376\377\000Q\000u\000a\000l\000i\000t\000\344\000t\000s\000b\000a\000u\000m}{section*.42}% 43
\BOOKMARK [2][-]{section*.44}{\376\377\000Q\000u\000a\000l\000i\000t\000\344\000t\000s\000s\000z\000e\000n\000a\000r\000i\000e\000n}{section*.42}% 44
\BOOKMARK [1][-]{section*.45}{\376\377\000R\000i\000s\000i\000k\000e\000n\000\040\000u\000n\000d\000\040\000t\000e\000c\000h\000n\000i\000s\000c\000h\000e\000\040\000S\000c\000h\000u\000l\000d\000e\000n}{}% 45
\BOOKMARK [1][-]{section*.46}{\376\377\000G\000l\000o\000s\000s\000a\000r}{}% 46
